This is pdfTeX, Version 3.141592653-2.6-1.40.22 (TeX Live 2021) (preloaded format=pdflatex 2022.1.30)  30 JAN 2022 07:43
entering extended mode
 restricted \write18 enabled.
 %&-line parsing enabled.
**refman
(./refman.tex
LaTeX2e <2020-10-01> patch level 4
L3 programming layer <2021-02-18>
(/usr/local/texlive/2021/texmf-dist/tex/latex/base/book.cls
Document Class: book 2020/04/10 v1.4m Standard LaTeX document class
(/usr/local/texlive/2021/texmf-dist/tex/latex/base/bk10.clo
File: bk10.clo 2020/04/10 v1.4m Standard LaTeX file (size option)
)
\c@part=\count179
\c@chapter=\count180
\c@section=\count181
\c@subsection=\count182
\c@subsubsection=\count183
\c@paragraph=\count184
\c@subparagraph=\count185
\c@figure=\count186
\c@table=\count187
\abovecaptionskip=\skip47
\belowcaptionskip=\skip48
\bibindent=\dimen138
)
(/usr/local/texlive/2021/texmf-dist/tex/latex/base/ifthen.sty
Package: ifthen 2014/09/29 v1.1c Standard LaTeX ifthen package (DPC)
)
(/usr/local/texlive/2021/texmf-dist/tex/latex/tools/array.sty
Rollback for package 'array' requested -> date 2016-10-06.
         Best approximation is the release introduced on 2016-10-06.

(/usr/local/texlive/2021/texmf-dist/tex/latex/tools/array-2016-10-06.sty
Package: array 2016/10/06 v2.4d Tabular extension package (FMi)
\col@sep=\dimen139
\extrarowheight=\dimen140
\NC@list=\toks15
\extratabsurround=\skip49
\backup@length=\skip50
))
(/usr/local/texlive/2021/texmf-dist/tex/latex/base/fixltx2e.sty
Package: fixltx2e 2016/12/29 v2.1a fixes to LaTeX (obsolete)
Applying: [2015/01/01] Old fixltx2e package on input line 46.


Package fixltx2e Warning: fixltx2e is not required with releases after 2015
(fixltx2e)                All fixes are now in the LaTeX kernel.
(fixltx2e)                See the latexrelease package for details.

Already applied: [0000/00/00] Old fixltx2e package on input line 53.
) (./doxygen.sty
Package: doxygen 
 (/usr/local/texlive/2021/texmf-dist/tex/latex/base/alltt.sty
Package: alltt 1997/06/16 v2.0g defines alltt environment
)
(/usr/local/texlive/2021/texmf-dist/tex/latex/tools/calc.sty
Package: calc 2017/05/25 v4.3 Infix arithmetic (KKT,FJ)
\calc@Acount=\count188
\calc@Bcount=\count189
\calc@Adimen=\dimen141
\calc@Bdimen=\dimen142
\calc@Askip=\skip51
\calc@Bskip=\skip52
LaTeX Info: Redefining \setlength on input line 80.
LaTeX Info: Redefining \addtolength on input line 81.
\calc@Ccount=\count190
\calc@Cskip=\skip53
)
(/usr/local/texlive/2021/texmf-dist/tex/latex/float/float.sty
Package: float 2001/11/08 v1.3d Float enhancements (AL)
\c@float@type=\count191
\float@exts=\toks16
\float@box=\box47
\@float@everytoks=\toks17
\@floatcapt=\box48
)
(/usr/local/texlive/2021/texmf-dist/tex/latex/tools/verbatim.sty
Package: verbatim 2020-07-07 v1.5u LaTeX2e package for verbatim enhancements
\every@verbatim=\toks18
\verbatim@line=\toks19
\verbatim@in@stream=\read2
)
(/usr/local/texlive/2021/texmf-dist/tex/latex/xcolor/xcolor.sty
Package: xcolor 2016/05/11 v2.12 LaTeX color extensions (UK)

(/usr/local/texlive/2021/texmf-dist/tex/latex/graphics-cfg/color.cfg
File: color.cfg 2016/01/02 v1.6 sample color configuration
)
Package xcolor Info: Driver file: pdftex.def on input line 225.

(/usr/local/texlive/2021/texmf-dist/tex/latex/graphics-def/pdftex.def
File: pdftex.def 2020/10/05 v1.2a Graphics/color driver for pdftex
)
(/usr/local/texlive/2021/texmf-dist/tex/latex/colortbl/colortbl.sty
Package: colortbl 2020/01/04 v1.0e Color table columns (DPC)
\everycr=\toks20
\minrowclearance=\skip54
)
\rownum=\count192
Package xcolor Info: Model `cmy' substituted by `cmy0' on input line 1348.
Package xcolor Info: Model `hsb' substituted by `rgb' on input line 1352.
Package xcolor Info: Model `RGB' extended on input line 1364.
Package xcolor Info: Model `HTML' substituted by `rgb' on input line 1366.
Package xcolor Info: Model `Hsb' substituted by `hsb' on input line 1367.
Package xcolor Info: Model `tHsb' substituted by `hsb' on input line 1368.
Package xcolor Info: Model `HSB' substituted by `hsb' on input line 1369.
Package xcolor Info: Model `Gray' substituted by `gray' on input line 1370.
Package xcolor Info: Model `wave' substituted by `hsb' on input line 1371.
)
(./longtable_doxygen.sty
Package: longtable_doxygen 2014/10/28 v4.11 Multi-page Table package (DPC) - fr
ozen version for doxygen
\LTleft=\skip55
\LTright=\skip56
\LTpre=\skip57
\LTpost=\skip58
\LTchunksize=\count193
\LTcapwidth=\dimen143
\LT@head=\box49
\LT@firsthead=\box50
\LT@foot=\box51
\LT@lastfoot=\box52
\LT@cols=\count194
\LT@rows=\count195
\c@LT@tables=\count196
\c@LT@chunks=\count197
\LT@p@ftn=\toks21
) (./tabu_doxygen.sty
Package: tabu_doxygen 2011/02/26 v2.8 - flexible LaTeX tabulars (FC), frozen ve
rsion for doxygen

(/usr/local/texlive/2021/texmf-dist/tex/latex/varwidth/varwidth.sty
Package: varwidth 2009/03/30 ver 0.92;  Variable-width minipages
\@vwid@box=\box53
\sift@deathcycles=\count198
\@vwid@loff=\dimen144
\@vwid@roff=\dimen145
)
\c@taburow=\count199
\tabu@nbcols=\count266
\tabu@cnt=\count267
\tabu@Xcol=\count268
\tabu@alloc=\count269
\tabu@nested=\count270
\tabu@target=\dimen146
\tabu@spreadtarget=\dimen147
\tabu@naturalX=\dimen148
\tabucolX=\dimen149
\tabu@Xsum=\dimen150
\extrarowdepth=\dimen151
\abovetabulinesep=\dimen152
\belowtabulinesep=\dimen153
\tabustrutrule=\dimen154
\tabu@thebody=\toks22
\tabu@footnotes=\toks23
\tabu@box=\box54
\tabu@arstrutbox=\box55
\tabu@hleads=\box56
\tabu@vleads=\box57
\tabu@cellskip=\skip59
)
(/usr/local/texlive/2021/texmf-dist/tex/latex/fancyvrb/fancyvrb.sty
Package: fancyvrb 2021/01/20 v3.7 verbatim text (tvz,hv)

(/usr/local/texlive/2021/texmf-dist/tex/latex/graphics/keyval.sty
Package: keyval 2014/10/28 v1.15 key=value parser (DPC)
\KV@toks@=\toks24
)
\FV@CodeLineNo=\count271
\FV@InFile=\read3
\FV@TabBox=\box58
\c@FancyVerbLine=\count272
\FV@StepNumber=\count273
\FV@OutFile=\write3
)
(/usr/local/texlive/2021/texmf-dist/tex/latex/tools/tabularx.sty
Package: tabularx 2020/01/15 v2.11c `tabularx' package (DPC)
\TX@col@width=\dimen155
\TX@old@table=\dimen156
\TX@old@col=\dimen157
\TX@target=\dimen158
\TX@delta=\dimen159
\TX@cols=\count274
\TX@ftn=\toks25
)
(/usr/local/texlive/2021/texmf-dist/tex/latex/tools/multicol.sty
Package: multicol 2019/12/09 v1.8y multicolumn formatting (FMi)
\c@tracingmulticols=\count275
\mult@box=\box59
\multicol@leftmargin=\dimen160
\c@unbalance=\count276
\c@collectmore=\count277
\doublecol@number=\count278
\multicoltolerance=\count279
\multicolpretolerance=\count280
\full@width=\dimen161
\page@free=\dimen162
\premulticols=\dimen163
\postmulticols=\dimen164
\multicolsep=\skip60
\multicolbaselineskip=\skip61
\partial@page=\box60
\last@line=\box61
\maxbalancingoverflow=\dimen165
\mult@rightbox=\box62
\mult@grightbox=\box63
\mult@gfirstbox=\box64
\mult@firstbox=\box65
\@tempa=\box66
\@tempa=\box67
\@tempa=\box68
\@tempa=\box69
\@tempa=\box70
\@tempa=\box71
\@tempa=\box72
\@tempa=\box73
\@tempa=\box74
\@tempa=\box75
\@tempa=\box76
\@tempa=\box77
\@tempa=\box78
\@tempa=\box79
\@tempa=\box80
\@tempa=\box81
\@tempa=\box82
\@tempa=\box83
\@tempa=\box84
\@tempa=\box85
\@tempa=\box86
\@tempa=\box87
\@tempa=\box88
\@tempa=\box89
\@tempa=\box90
\@tempa=\box91
\@tempa=\box92
\@tempa=\box93
\@tempa=\box94
\@tempa=\box95
\@tempa=\box96
\@tempa=\box97
\@tempa=\box98
\@tempa=\box99
\@tempa=\box100
\@tempa=\box101
\@tempa=\box102
\c@minrows=\count281
\c@columnbadness=\count282
\c@finalcolumnbadness=\count283
\last@try=\dimen166
\multicolovershoot=\dimen167
\multicolundershoot=\dimen168
\mult@nat@firstbox=\box103
\colbreak@box=\box104
\mc@col@check@num=\count284
)
(/usr/local/texlive/2021/texmf-dist/tex/latex/multirow/multirow.sty
Package: multirow 2021/03/15 v2.8 Span multiple rows of a table
\multirow@colwidth=\skip62
\multirow@cntb=\count285
\multirow@dima=\skip63
\bigstrutjot=\dimen169
)
(/usr/local/texlive/2021/texmf-dist/tex/latex/hanging/hanging.sty
Package: hanging 2009/09/02 v1.2b hanging paragraphs and punctuation
\h@ngcommawd=\skip64
\h@ngfstopwd=\skip65
\h@ngquotewd=\skip66
\h@ngdquotewd=\skip67
\h@ngquerywd=\skip68
\h@ngexclwd=\skip69
\h@ngcolonwd=\skip70
\h@ngscolonwd=\skip71
)
(/usr/local/texlive/2021/texmf-dist/tex/generic/iftex/ifpdf.sty
Package: ifpdf 2019/10/25 v3.4 ifpdf legacy package. Use iftex instead.

(/usr/local/texlive/2021/texmf-dist/tex/generic/iftex/iftex.sty
Package: iftex 2020/03/06 v1.0d TeX engine tests
))
(/usr/local/texlive/2021/texmf-dist/tex/latex/adjustbox/adjustbox.sty
Package: adjustbox 2020/08/19 v1.3 Adjusting TeX boxes (trim, clip, ...)

(/usr/local/texlive/2021/texmf-dist/tex/latex/xkeyval/xkeyval.sty
Package: xkeyval 2020/11/20 v2.8 package option processing (HA)

(/usr/local/texlive/2021/texmf-dist/tex/generic/xkeyval/xkeyval.tex
(/usr/local/texlive/2021/texmf-dist/tex/generic/xkeyval/xkvutils.tex
\XKV@toks=\toks26
\XKV@tempa@toks=\toks27
)
\XKV@depth=\count286
File: xkeyval.tex 2014/12/03 v2.7a key=value parser (HA)
))
(/usr/local/texlive/2021/texmf-dist/tex/latex/adjustbox/adjcalc.sty
Package: adjcalc 2012/05/16 v1.1 Provides advanced setlength with multiple back
-ends (calc, etex, pgfmath)
)
(/usr/local/texlive/2021/texmf-dist/tex/latex/adjustbox/trimclip.sty
Package: trimclip 2020/08/19 v1.2 Trim and clip general TeX material

(/usr/local/texlive/2021/texmf-dist/tex/latex/graphics/graphicx.sty
Package: graphicx 2020/09/09 v1.2b Enhanced LaTeX Graphics (DPC,SPQR)

(/usr/local/texlive/2021/texmf-dist/tex/latex/graphics/graphics.sty
Package: graphics 2020/08/30 v1.4c Standard LaTeX Graphics (DPC,SPQR)

(/usr/local/texlive/2021/texmf-dist/tex/latex/graphics/trig.sty
Package: trig 2016/01/03 v1.10 sin cos tan (DPC)
)
(/usr/local/texlive/2021/texmf-dist/tex/latex/graphics-cfg/graphics.cfg
File: graphics.cfg 2016/06/04 v1.11 sample graphics configuration
)
Package graphics Info: Driver file: pdftex.def on input line 105.
)
\Gin@req@height=\dimen170
\Gin@req@width=\dimen171
)
(/usr/local/texlive/2021/texmf-dist/tex/latex/collectbox/collectbox.sty
Package: collectbox 2012/05/17 v0.4b Collect macro arguments as boxes
\collectedbox=\box105
)
\tc@llx=\dimen172
\tc@lly=\dimen173
\tc@urx=\dimen174
\tc@ury=\dimen175
Package trimclip Info: Using driver 'tc-pdftex.def'.

(/usr/local/texlive/2021/texmf-dist/tex/latex/adjustbox/tc-pdftex.def
File: tc-pdftex.def 2019/01/04 v2.2 Clipping driver for pdftex
))
\adjbox@Width=\dimen176
\adjbox@Height=\dimen177
\adjbox@Depth=\dimen178
\adjbox@Totalheight=\dimen179
\adjbox@pwidth=\dimen180
\adjbox@pheight=\dimen181
\adjbox@pdepth=\dimen182
\adjbox@ptotalheight=\dimen183

(/usr/local/texlive/2021/texmf-dist/tex/latex/ifoddpage/ifoddpage.sty
Package: ifoddpage 2016/04/23 v1.1 Conditionals for odd/even page detection
\c@checkoddpage=\count287
))
(/usr/local/texlive/2021/texmf-dist/tex/latex/amsfonts/amssymb.sty
Package: amssymb 2013/01/14 v3.01 AMS font symbols

(/usr/local/texlive/2021/texmf-dist/tex/latex/amsfonts/amsfonts.sty
Package: amsfonts 2013/01/14 v3.01 Basic AMSFonts support
\@emptytoks=\toks28
\symAMSa=\mathgroup4
\symAMSb=\mathgroup5
LaTeX Font Info:    Redeclaring math symbol \hbar on input line 98.
LaTeX Font Info:    Overwriting math alphabet `\mathfrak' in version `bold'
(Font)                  U/euf/m/n --> U/euf/b/n on input line 106.
))
(/usr/local/texlive/2021/texmf-dist/tex/latex/stackengine/stackengine.sty
Package: stackengine 2017/02/13 v4.01\ Stacking text and objects in convenient 
ways

(/usr/local/texlive/2021/texmf-dist/tex/latex/etoolbox/etoolbox.sty
Package: etoolbox 2020/10/05 v2.5k e-TeX tools for LaTeX (JAW)
\etb@tempcnta=\count288
)
(/usr/local/texlive/2021/texmf-dist/tex/generic/listofitems/listofitems.sty
(/usr/local/texlive/2021/texmf-dist/tex/generic/listofitems/listofitems.tex
\loi_cnt_foreach_nest=\count289
\loi_nestcnt=\count290
)
Package: listofitems 2019/08/21 v1.63 Grab items in lists using user-specified 
sep char (CT)
)
\c@@stackindex=\count291
\@boxshift=\skip72
\stack@tmplength=\skip73
\temp@stkl=\skip74
\@stackedboxwidth=\skip75
\@addedbox=\box106
\@anchorbox=\box107
\stackedbox=\box108
\@centerbox=\box109
\c@ROWcellindex@=\count292
)
(/usr/local/texlive/2021/texmf-dist/tex/latex/enumitem/enumitem.sty
Package: enumitem 2019/06/20 v3.9 Customized lists
\labelindent=\skip76
\enit@outerparindent=\dimen184
\enit@toks=\toks29
\enit@inbox=\box110
\enit@count@id=\count293
\enitdp@description=\count294
)
(/usr/local/texlive/2021/texmf-dist/tex/generic/alphalph/alphalph.sty
Package: alphalph 2019/12/09 v2.6 Convert numbers to letters (HO)

(/usr/local/texlive/2021/texmf-dist/tex/generic/infwarerr/infwarerr.sty
Package: infwarerr 2019/12/03 v1.5 Providing info/warning/error messages (HO)
)
(/usr/local/texlive/2021/texmf-dist/tex/generic/intcalc/intcalc.sty
Package: intcalc 2019/12/15 v1.3 Expandable calculations with integers (HO)
))
(/usr/local/texlive/2021/texmf-dist/tex/generic/ulem/ulem.sty
\UL@box=\box111
\UL@hyphenbox=\box112
\UL@skip=\skip77
\UL@hook=\toks30
\UL@height=\dimen185
\UL@pe=\count295
\UL@pixel=\dimen186
\ULC@box=\box113
Package: ulem 2019/11/18
\ULdepth=\dimen187
)
\xrefbox=\box114
\xreflength=\skip78
\CodeWidthChar=\skip79
\CodeHeightChar=\skip80
\DoxyCodeWidth=\skip81
\c@DoxyEnumeratei=\count296
\c@DoxyEnumerateii=\count297
\c@DoxyEnumerateiii=\count298
\c@DoxyEnumerateiv=\count299
\c@DoxyEnumeratev=\count300
\c@DoxyEnumeratevi=\count301
\c@DoxyEnumeratevii=\count302
\c@DoxyEnumerateviii=\count303
\c@DoxyEnumerateix=\count304
\c@DoxyEnumeratex=\count305
\c@DoxyEnumeratexi=\count306
\c@DoxyEnumeratexii=\count307
\enitdp@DoxyEnumerate=\count308
\enitdp@DoxyItemize=\count309
)
(/usr/local/texlive/2021/texmf-dist/tex/latex/base/inputenc.sty
Package: inputenc 2020/08/01 v1.3d Input encoding file
\inpenc@prehook=\toks31
\inpenc@posthook=\toks32
)
(/usr/local/texlive/2021/texmf-dist/tex/latex/base/makeidx.sty
Package: makeidx 2014/09/29 v1.0m Standard LaTeX package
)
(/usr/local/texlive/2021/texmf-dist/tex/latex/base/textcomp.sty
Package: textcomp 2020/02/02 v2.0n Standard LaTeX package
)
(/usr/local/texlive/2021/texmf-dist/tex/latex/wasysym/wasysym.sty
Package: wasysym 2020/01/19 v2.4 Wasy-2 symbol support package
\symwasy=\mathgroup6
LaTeX Font Info:    Overwriting symbol font `wasy' in version `bold'
(Font)                  U/wasy/m/n --> U/wasy/b/n on input line 93.
)
(/usr/local/texlive/2021/texmf-dist/tex/generic/iftex/ifxetex.sty
Package: ifxetex 2019/10/25 v0.7 ifxetex legacy package. Use iftex instead.
)
(/usr/local/texlive/2021/texmf-dist/tex/latex/base/fontenc.sty
Package: fontenc 2020/08/10 v2.0s Standard LaTeX package
)
(/usr/local/texlive/2021/texmf-dist/tex/latex/psnfss/helvet.sty
Package: helvet 2020/03/25 PSNFSS-v9.3 (WaS) 
)
(/usr/local/texlive/2021/texmf-dist/tex/latex/psnfss/courier.sty
Package: courier 2020/03/25 PSNFSS-v9.3 (WaS) 
)
(/usr/local/texlive/2021/texmf-dist/tex/latex/sectsty/sectsty.sty
Package: sectsty 2002/02/25 v2.0.2 Commands to change all sectional heading sty
les


LaTeX Warning: Command \underbar  has changed.
               Check if current package is valid.


LaTeX Warning: Command \underline  has changed.
               Check if current package is valid.

) (/usr/local/texlive/2021/texmf-dist/tex/latex/geometry/geometry.sty
Package: geometry 2020/01/02 v5.9 Page Geometry

(/usr/local/texlive/2021/texmf-dist/tex/generic/iftex/ifvtex.sty
Package: ifvtex 2019/10/25 v1.7 ifvtex legacy package. Use iftex instead.
)
\Gm@cnth=\count310
\Gm@cntv=\count311
\c@Gm@tempcnt=\count312
\Gm@bindingoffset=\dimen188
\Gm@wd@mp=\dimen189
\Gm@odd@mp=\dimen190
\Gm@even@mp=\dimen191
\Gm@layoutwidth=\dimen192
\Gm@layoutheight=\dimen193
\Gm@layouthoffset=\dimen194
\Gm@layoutvoffset=\dimen195
\Gm@dimlist=\toks33
)
(/usr/local/texlive/2021/texmf-dist/tex/latex/fancyhdr/fancyhdr.sty
Package: fancyhdr 2021/01/28 v4.0.1 Extensive control of page headers and foote
rs
\f@nch@headwidth=\skip82
\f@nch@O@elh=\skip83
\f@nch@O@erh=\skip84
\f@nch@O@olh=\skip85
\f@nch@O@orh=\skip86
\f@nch@O@elf=\skip87
\f@nch@O@erf=\skip88
\f@nch@O@olf=\skip89
\f@nch@O@orf=\skip90
)
(/usr/local/texlive/2021/texmf-dist/tex/latex/natbib/natbib.sty
Package: natbib 2010/09/13 8.31b (PWD, AO)
\bibhang=\skip91
\bibsep=\skip92
LaTeX Info: Redefining \cite on input line 694.
\c@NAT@ctr=\count313
)
(/usr/local/texlive/2021/texmf-dist/tex/latex/tocloft/tocloft.sty
Package: tocloft 2017/08/31 v2.3i parameterised ToC, etc., typesetting
Package tocloft Info: The document has chapter divisions on input line 51.
\cftparskip=\skip93
\cftbeforetoctitleskip=\skip94
\cftaftertoctitleskip=\skip95
\cftbeforepartskip=\skip96
\cftpartnumwidth=\skip97
\cftpartindent=\skip98
\cftbeforechapskip=\skip99
\cftchapindent=\skip100
\cftchapnumwidth=\skip101
\cftbeforesecskip=\skip102
\cftsecindent=\skip103
\cftsecnumwidth=\skip104
\cftbeforesubsecskip=\skip105
\cftsubsecindent=\skip106
\cftsubsecnumwidth=\skip107
\cftbeforesubsubsecskip=\skip108
\cftsubsubsecindent=\skip109
\cftsubsubsecnumwidth=\skip110
\cftbeforeparaskip=\skip111
\cftparaindent=\skip112
\cftparanumwidth=\skip113
\cftbeforesubparaskip=\skip114
\cftsubparaindent=\skip115
\cftsubparanumwidth=\skip116
\cftbeforeloftitleskip=\skip117
\cftafterloftitleskip=\skip118
\cftbeforefigskip=\skip119
\cftfigindent=\skip120
\cftfignumwidth=\skip121
\c@lofdepth=\count314
\c@lotdepth=\count315
\cftbeforelottitleskip=\skip122
\cftafterlottitleskip=\skip123
\cftbeforetabskip=\skip124
\cfttabindent=\skip125
\cfttabnumwidth=\skip126
)
\@indexfile=\write4
\openout4 = `refman.idx'.


Writing index file refman.idx

(/usr/local/texlive/2021/texmf-dist/tex/latex/newunicodechar/newunicodechar.sty
Package: newunicodechar 2018/04/08 v1.2 Defining Unicode characters
)

Package newunicodechar Warning: Redefining Unicode character on input line 116.



Package newunicodechar Warning: Redefining Unicode character on input line 117.


(/usr/local/texlive/2021/texmf-dist/tex/latex/hyperref/hyperref.sty
Package: hyperref 2021-02-27 v7.00k Hypertext links for LaTeX

(/usr/local/texlive/2021/texmf-dist/tex/generic/ltxcmds/ltxcmds.sty
Package: ltxcmds 2020-05-10 v1.25 LaTeX kernel commands for general use (HO)
)
(/usr/local/texlive/2021/texmf-dist/tex/generic/pdftexcmds/pdftexcmds.sty
Package: pdftexcmds 2020-06-27 v0.33 Utility functions of pdfTeX for LuaTeX (HO
)
Package pdftexcmds Info: \pdf@primitive is available.
Package pdftexcmds Info: \pdf@ifprimitive is available.
Package pdftexcmds Info: \pdfdraftmode found.
)
(/usr/local/texlive/2021/texmf-dist/tex/generic/kvsetkeys/kvsetkeys.sty
Package: kvsetkeys 2019/12/15 v1.18 Key value parser (HO)
)
(/usr/local/texlive/2021/texmf-dist/tex/generic/kvdefinekeys/kvdefinekeys.sty
Package: kvdefinekeys 2019-12-19 v1.6 Define keys (HO)
)
(/usr/local/texlive/2021/texmf-dist/tex/generic/pdfescape/pdfescape.sty
Package: pdfescape 2019/12/09 v1.15 Implements pdfTeX's escape features (HO)
)
(/usr/local/texlive/2021/texmf-dist/tex/latex/hycolor/hycolor.sty
Package: hycolor 2020-01-27 v1.10 Color options for hyperref/bookmark (HO)
)
(/usr/local/texlive/2021/texmf-dist/tex/latex/letltxmacro/letltxmacro.sty
Package: letltxmacro 2019/12/03 v1.6 Let assignment for LaTeX macros (HO)
)
(/usr/local/texlive/2021/texmf-dist/tex/latex/auxhook/auxhook.sty
Package: auxhook 2019-12-17 v1.6 Hooks for auxiliary files (HO)
)
(/usr/local/texlive/2021/texmf-dist/tex/latex/kvoptions/kvoptions.sty
Package: kvoptions 2020-10-07 v3.14 Key value format for package options (HO)
)
\@linkdim=\dimen196
\Hy@linkcounter=\count316
\Hy@pagecounter=\count317

(/usr/local/texlive/2021/texmf-dist/tex/latex/hyperref/pd1enc.def
File: pd1enc.def 2021-02-27 v7.00k Hyperref: PDFDocEncoding definition (HO)
Now handling font encoding PD1 ...
... no UTF-8 mapping file for font encoding PD1
)
(/usr/local/texlive/2021/texmf-dist/tex/latex/hyperref/hyperref-langpatches.def
File: hyperref-langpatches.def 2021-02-27 v7.00k Hyperref: patches for babel la
nguages
) (/usr/local/texlive/2021/texmf-dist/tex/generic/etexcmds/etexcmds.sty
Package: etexcmds 2019/12/15 v1.7 Avoid name clashes with e-TeX commands (HO)
)
\Hy@SavedSpaceFactor=\count318

(/usr/local/texlive/2021/texmf-dist/tex/latex/hyperref/puenc.def
File: puenc.def 2021-02-27 v7.00k Hyperref: PDF Unicode definition (HO)
Now handling font encoding PU ...
... no UTF-8 mapping file for font encoding PU
)
Package hyperref Info: Hyper figures OFF on input line 4192.
Package hyperref Info: Link nesting OFF on input line 4197.
Package hyperref Info: Hyper index ON on input line 4200.
Package hyperref Info: Plain pages OFF on input line 4207.
Package hyperref Info: Backreferencing ON on input line 4210.
Package hyperref Info: Implicit mode ON; LaTeX internals redefined.
Package hyperref Info: Bookmarks ON on input line 4445.

(/usr/local/texlive/2021/texmf-dist/tex/latex/hyperref/backref.sty
Package: backref 2021/02/04 v1.41 Bibliographical back referencing

(/usr/local/texlive/2021/texmf-dist/tex/latex/rerunfilecheck/rerunfilecheck.sty
Package: rerunfilecheck 2019/12/05 v1.9 Rerun checks for auxiliary files (HO)
(/usr/local/texlive/2021/texmf-dist/tex/latex/base/atveryend-ltx.sty
Package: atveryend-ltx 2020/08/19 v1.0a Emulation of the original atvery packag
e
with kernel methods
)
(/usr/local/texlive/2021/texmf-dist/tex/generic/uniquecounter/uniquecounter.sty
Package: uniquecounter 2019/12/15 v1.4 Provide unlimited unique counter (HO)
(/usr/local/texlive/2021/texmf-dist/tex/generic/bigintcalc/bigintcalc.sty
Package: bigintcalc 2019/12/15 v1.5 Expandable calculations on big integers (HO
)
))
Package uniquecounter Info: New unique counter `rerunfilecheck' on input line 2
86.
))
\c@Hy@tempcnt=\count319

(/usr/local/texlive/2021/texmf-dist/tex/latex/url/url.sty
\Urlmuskip=\muskip16
Package: url 2013/09/16  ver 3.4  Verb mode for urls, etc.
)
LaTeX Info: Redefining \url on input line 4804.
\XeTeXLinkMargin=\dimen197

(/usr/local/texlive/2021/texmf-dist/tex/generic/bitset/bitset.sty
Package: bitset 2019/12/09 v1.3 Handle bit-vector datatype (HO)
)
\Fld@menulength=\count320
\Field@Width=\dimen198
\Fld@charsize=\dimen199
Package hyperref Info: Hyper figures OFF on input line 6075.
Package hyperref Info: Link nesting OFF on input line 6080.
Package hyperref Info: Hyper index ON on input line 6083.
Package hyperref Info: backreferencing ON on input line 6088.
Package hyperref Info: Link coloring OFF on input line 6095.
Package hyperref Info: Link coloring with OCG OFF on input line 6100.
Package hyperref Info: PDF/A mode OFF on input line 6105.
LaTeX Info: Redefining \ref on input line 6145.
LaTeX Info: Redefining \pageref on input line 6149.

(/usr/local/texlive/2021/texmf-dist/tex/latex/base/atbegshi-ltx.sty
Package: atbegshi-ltx 2020/08/17 v1.0a Emulation of the original atbegshi packa
ge
with kernel methods
)
\Hy@abspage=\count321
\c@Item=\count322
\c@Hfootnote=\count323
)
Package hyperref Info: Driver: hpdftex.

(/usr/local/texlive/2021/texmf-dist/tex/latex/hyperref/hpdftex.def
File: hpdftex.def 2021-02-27 v7.00k Hyperref driver for pdfTeX
\Fld@listcount=\count324
\c@bookmark@seq@number=\count325
\Hy@SectionHShift=\skip127
)
Package hyperref Info: Option `colorlinks' set `true' on input line 136.
Package hyperref Info: Option `unicode' set `true' on input line 136.

(/usr/local/texlive/2021/texmf-dist/tex/latex/caption/caption.sty
Package: caption 2020/10/26 v3.5g Customizing captions (AR)

(/usr/local/texlive/2021/texmf-dist/tex/latex/caption/caption3.sty
Package: caption3 2020/10/21 v2.2e caption3 kernel (AR)
\captionmargin=\dimen256
\captionmargin@=\dimen257
\captionwidth=\dimen258
\caption@tempdima=\dimen259
\caption@indent=\dimen260
\caption@parindent=\dimen261
\caption@hangindent=\dimen262
Package caption Info: Standard document class detected.
)
\c@caption@flags=\count326
\c@continuedfloat=\count327
Package caption Info: float package is loaded.
Package caption Info: hyperref package is loaded.
Package caption Info: longtable package is loaded.

(/usr/local/texlive/2021/texmf-dist/tex/latex/caption/ltcaption.sty
Package: ltcaption 2020/05/30 v1.4b longtable captions (AR)
))
(/usr/local/texlive/2021/texmf-dist/tex/latex/etoc/etoc.sty
Package: etoc 2020/05/15 v1.09c Completely customisable TOCs (JFB)
\Etoc@toctoks=\toks34
\c@etoc@tocid=\count328
\c@etoc@tocdepth=\count329
\etoc@framed@titlebox=\box115
\etoc@framed@contentsbox=\box116
)
LaTeX Font Info:    Trying to load font information for T1+phv on input line 15
2.

(/usr/local/texlive/2021/texmf-dist/tex/latex/psnfss/t1phv.fd
File: t1phv.fd 2020/03/25 scalable font definitions for T1/phv.
)
LaTeX Font Info:    Font shape `T1/phv/m/n' will be
(Font)              scaled to size 8.99994pt on input line 152.

(/usr/local/texlive/2021/texmf-dist/tex/latex/l3backend/l3backend-pdftex.def
File: l3backend-pdftex.def 2021-03-18 L3 backend support: PDF output (pdfTeX)
\l__color_backend_stack_int=\count330
\l__pdf_internal_box=\box117
)
(./refman.aux)
\openout1 = `refman.aux'.

LaTeX Font Info:    Checking defaults for OML/cmm/m/it on input line 152.
LaTeX Font Info:    ... okay on input line 152.
LaTeX Font Info:    Checking defaults for OMS/cmsy/m/n on input line 152.
LaTeX Font Info:    ... okay on input line 152.
LaTeX Font Info:    Checking defaults for OT1/cmr/m/n on input line 152.
LaTeX Font Info:    ... okay on input line 152.
LaTeX Font Info:    Checking defaults for T1/cmr/m/n on input line 152.
LaTeX Font Info:    ... okay on input line 152.
LaTeX Font Info:    Checking defaults for TS1/cmr/m/n on input line 152.
LaTeX Font Info:    ... okay on input line 152.
LaTeX Font Info:    Checking defaults for OMX/cmex/m/n on input line 152.
LaTeX Font Info:    ... okay on input line 152.
LaTeX Font Info:    Checking defaults for U/cmr/m/n on input line 152.
LaTeX Font Info:    ... okay on input line 152.
LaTeX Font Info:    Checking defaults for PD1/pdf/m/n on input line 152.
LaTeX Font Info:    ... okay on input line 152.
LaTeX Font Info:    Checking defaults for PU/pdf/m/n on input line 152.
LaTeX Font Info:    ... okay on input line 152.

(/usr/local/texlive/2021/texmf-dist/tex/context/base/mkii/supp-pdf.mkii
[Loading MPS to PDF converter (version 2006.09.02).]
\scratchcounter=\count331
\scratchdimen=\dimen263
\scratchbox=\box118
\nofMPsegments=\count332
\nofMParguments=\count333
\everyMPshowfont=\toks35
\MPscratchCnt=\count334
\MPscratchDim=\dimen264
\MPnumerator=\count335
\makeMPintoPDFobject=\count336
\everyMPtoPDFconversion=\toks36
) (/usr/local/texlive/2021/texmf-dist/tex/latex/epstopdf-pkg/epstopdf-base.sty
Package: epstopdf-base 2020-01-24 v2.11 Base part for package epstopdf
Package epstopdf-base Info: Redefining graphics rule for `.eps' on input line 4
85.

(/usr/local/texlive/2021/texmf-dist/tex/latex/latexconfig/epstopdf-sys.cfg
File: epstopdf-sys.cfg 2010/07/13 v1.3 Configuration of (r)epstopdf for TeX Liv
e
))
*geometry* driver: auto-detecting
*geometry* detected driver: pdftex
*geometry* verbose mode - [ preamble ] result:
* driver: pdftex
* paper: a4paper
* layout: <same size as paper>
* layoutoffset:(h,v)=(0.0pt,0.0pt)
* modes: twoside 
* h-part:(L,W,R)=(71.13188pt, 455.24411pt, 71.13188pt)
* v-part:(T,H,B)=(71.13188pt, 702.78308pt, 71.13188pt)
* \paperwidth=597.50787pt
* \paperheight=845.04684pt
* \textwidth=455.24411pt
* \textheight=702.78308pt
* \oddsidemargin=-1.1381pt
* \evensidemargin=-1.1381pt
* \topmargin=-31.2056pt
* \headheight=12.0pt
* \headsep=18.06749pt
* \topskip=10.0pt
* \footskip=25.29494pt
* \marginparwidth=125.0pt
* \marginparsep=7.0pt
* \columnsep=10.0pt
* \skip\footins=9.0pt plus 4.0pt minus 2.0pt
* \hoffset=0.0pt
* \voffset=0.0pt
* \mag=1000
* \@twocolumnfalse
* \@twosidetrue
* \@mparswitchtrue
* \@reversemarginfalse
* (1in=72.27pt=25.4mm, 1cm=28.453pt)

Package hyperref Info: Link coloring ON on input line 152.
(/usr/local/texlive/2021/texmf-dist/tex/latex/hyperref/nameref.sty
Package: nameref 2021-04-02 v2.47 Cross-referencing by name of section

(/usr/local/texlive/2021/texmf-dist/tex/latex/refcount/refcount.sty
Package: refcount 2019/12/15 v3.6 Data extraction from label references (HO)
)
(/usr/local/texlive/2021/texmf-dist/tex/generic/gettitlestring/gettitlestring.s
ty
Package: gettitlestring 2019/12/15 v1.6 Cleanup title references (HO)
)
\c@section@level=\count337
)
LaTeX Info: Redefining \ref on input line 152.
LaTeX Info: Redefining \pageref on input line 152.
LaTeX Info: Redefining \nameref on input line 152.
 (./refman.out) (./refman.out)
\@outlinefile=\write5
\openout5 = `refman.out'.

Package backref Info: ** backref set up for natbib ** on input line 152.
Package caption Info: Begin \AtBeginDocument code.
Package caption Info: End \AtBeginDocument code.
\Etoc@tf=\read4
Package hyperref Info: Option `pageanchor' set `false' on input line 160.
Package hyperref Info: Option `bookmarksnumbered' set `true' on input line 160.

Package hyperref Info: Option `unicode' set `true' on input line 160.
LaTeX Font Info:    Font shape `T1/phv/m/n' will be
(Font)              scaled to size 12.9599pt on input line 165.
LaTeX Font Info:    Font shape `T1/phv/m/n' will be
(Font)              scaled to size 10.79993pt on input line 167.
 [1


{/usr/local/texlive/2021/texmf-var/fonts/map/pdftex/updmap/pdftex.map}] [2

]
\tf@toc=\write6
\openout6 = `refman.toc'.

LaTeX Font Info:    Font shape `T1/phv/b/n' will be
(Font)              scaled to size 8.99994pt on input line 173.
LaTeX Font Info:    Trying to load font information for U+msa on input line 173
.

(/usr/local/texlive/2021/texmf-dist/tex/latex/amsfonts/umsa.fd
File: umsa.fd 2013/01/14 v3.01 AMS symbols A
)
LaTeX Font Info:    Trying to load font information for U+msb on input line 173
.

(/usr/local/texlive/2021/texmf-dist/tex/latex/amsfonts/umsb.fd
File: umsb.fd 2013/01/14 v3.01 AMS symbols B
)
LaTeX Font Info:    Trying to load font information for U+wasy on input line 17
3.

(/usr/local/texlive/2021/texmf-dist/tex/latex/wasysym/uwasy.fd
File: uwasy.fd 2020/01/19 v2.4 Wasy-2 symbol font definitions
)
LaTeX Font Info:    Font shape `T1/phv/m/n' will be
(Font)              scaled to size 6.29996pt on input line 173.
LaTeX Font Info:    Font shape `T1/phv/b/n' will be
(Font)              scaled to size 6.29996pt on input line 173.
 [1] [2]
[3] [4

]
Package hyperref Info: Option `pageanchor' set `true' on input line 176.

Chapter 1.
LaTeX Font Info:    Font shape `T1/phv/m/n' will be
(Font)              scaled to size 18.66588pt on input line 178.
LaTeX Font Info:    Font shape `T1/phv/b/n' will be
(Font)              scaled to size 18.66588pt on input line 178.
LaTeX Font Info:    Font shape `T1/phv/bc/n' will be
(Font)              scaled to size 18.66588pt on input line 178.
LaTeX Font Info:    Font shape `T1/phv/m/n' will be
(Font)              scaled to size 22.39185pt on input line 178.
LaTeX Font Info:    Font shape `T1/phv/b/n' will be
(Font)              scaled to size 22.39185pt on input line 178.
LaTeX Font Info:    Font shape `T1/phv/bc/n' will be
(Font)              scaled to size 22.39185pt on input line 178.
(./deprecated.tex
LaTeX Font Info:    Trying to load font information for T1+pcr on input line 5.

 (/usr/local/texlive/2021/texmf-dist/tex/latex/psnfss/t1pcr.fd
File: t1pcr.fd 2001/06/04 font definitions for T1/pcr.
)) [1

] [2

]
Chapter 2.
(./namespaces.tex
LaTeX Font Info:    Font shape `T1/phv/b/n' will be
(Font)              scaled to size 12.9599pt on input line 1.
) [3] [4

]
Chapter 3.
(./hierarchy.tex [5]) [6]
Chapter 4.
(./annotated.tex) [7

] [8

]
Chapter 5.
(./namespace_app.tex
LaTeX Font Info:    Font shape `T1/phv/b/n' will be
(Font)              scaled to size 10.79993pt on input line 5.
LaTeX Font Info:    Font shape `T1/phv/bc/n' will be
(Font)              scaled to size 8.99994pt on input line 6.

Underfull \hbox (badness 10000) detected at line 6
[][][]
 []


Package hyperref Warning: Suppressing link with empty target on input line 7.


Overfull \hbox (426.38441pt too wide) in paragraph at lines 7--8
[]\T1/phv/m/n/10 Umar Sunusi Maita-lata [][] \T1/pcr/m/n/10 maitalata@gmail.[]c
om[][] \T1/phv/m/n/10 @li-cense MIT The MIT Li-cense (MIT) [] 
 []

) [9] [10

]
Chapter 6.
(./class_app_1_1_controllers_1_1_admin.tex
Package epstopdf Info: Source file: <class_app_1_1_controllers_1_1_admin.eps>
(epstopdf)                    date: 2022-01-30 05:08:39
(epstopdf)                    size: 3891 bytes
(epstopdf)             Output file: <class_app_1_1_controllers_1_1_admin-eps-co
nverted-to.pdf>
(epstopdf)                    date: 2022-01-30 07:43:24
(epstopdf)                    size: 5231 bytes
(epstopdf)             Command: <repstopdf --outfile=class_app_1_1_controllers_
1_1_admin-eps-converted-to.pdf class_app_1_1_controllers_1_1_admin.eps>
(epstopdf)             \includegraphics on input line 6.
Package epstopdf Info: Output file is already uptodate.
 <./class_app_1_1_controllers_1_1_admin-eps-converted-to.pdf>
<class_app_1_1_controllers_1_1_admin-eps-converted-to.pdf, id=827, 501.875pt x 
579.08344pt>
File: class_app_1_1_controllers_1_1_admin-eps-converted-to.pdf Graphic file (ty
pe pdf)
<use class_app_1_1_controllers_1_1_admin-eps-converted-to.pdf>
Package pdftex.def Info: class_app_1_1_controllers_1_1_admin-eps-converted-to.p
df  used on input line 6.
(pdftex.def)             Requested size: 73.97614pt x 85.35826pt.
LaTeX Font Info:    Trying to load font information for TS1+phv on input line 1
2.

(/usr/local/texlive/2021/texmf-dist/tex/latex/psnfss/ts1phv.fd
File: ts1phv.fd 2020/03/25 scalable font definitions for TS1/phv.
)
LaTeX Font Info:    Font shape `TS1/phv/m/n' will be
(Font)              scaled to size 8.99994pt on input line 12.
LaTeX Font Info:    Font shape `T1/phv/m/n' will be
(Font)              scaled to size 7.19995pt on input line 26.

Underfull \hbox (badness 10000) detected at line 30
[][][]
 []

[11]
Underfull \hbox (badness 10000) detected at line 41
[][][]
 []


Underfull \hbox (badness 10000) detected at line 52
[][][]
 []

) (./class_app_1_1_models_1_1_admin_model.tex
Package epstopdf Info: Source file: <class_app_1_1_models_1_1_admin_model.eps>
(epstopdf)                    date: 2022-01-30 05:08:39
(epstopdf)                    size: 3772 bytes
(epstopdf)             Output file: <class_app_1_1_models_1_1_admin_model-eps-c
onverted-to.pdf>
(epstopdf)                    date: 2022-01-30 07:43:25
(epstopdf)                    size: 4465 bytes
(epstopdf)             Command: <repstopdf --outfile=class_app_1_1_models_1_1_a
dmin_model-eps-converted-to.pdf class_app_1_1_models_1_1_admin_model.eps>
(epstopdf)             \includegraphics on input line 6.
Package epstopdf Info: Output file is already uptodate.
 <./class_app_1_1_models_1_1_admin_model-eps-converted-to.pdf>
<class_app_1_1_models_1_1_admin_model-eps-converted-to.pdf, id=845, 501.875pt x
 446.10666pt>
File: class_app_1_1_models_1_1_admin_model-eps-converted-to.pdf Graphic file (t
ype pdf)
<use class_app_1_1_models_1_1_admin_model-eps-converted-to.pdf>
Package pdftex.def Info: class_app_1_1_models_1_1_admin_model-eps-converted-to.
pdf  used on input line 6.
(pdftex.def)             Requested size: 64.01309pt x 56.9055pt.
LaTeX Font Info:    Font shape `T1/pcr/m/it' in size <8> not available
(Font)              Font shape `T1/pcr/m/sl' tried instead on input line 25.
 [12]
Underfull \hbox (badness 10000) detected at line 34
[][][]
 []


Underfull \hbox (badness 10000) detected at line 50
[][][]
 []


Underfull \hbox (badness 10000) detected at line 66
[][][]
 []

) (./class_config_1_1_app.tex
Package epstopdf Info: Source file: <class_config_1_1_app.eps>
(epstopdf)                    date: 2022-01-30 05:08:39
(epstopdf)                    size: 3768 bytes
(epstopdf)             Output file: <class_config_1_1_app-eps-converted-to.pdf>

(epstopdf)                    date: 2022-01-30 07:43:26
(epstopdf)                    size: 5037 bytes
(epstopdf)             Command: <repstopdf --outfile=class_config_1_1_app-eps-c
onverted-to.pdf class_config_1_1_app.eps>
(epstopdf)             \includegraphics on input line 6.
Package epstopdf Info: Output file is already uptodate.
 <./class_config_1_1_app-eps-converted-to.pdf>
<class_config_1_1_app-eps-converted-to.pdf, id=863, 501.875pt x 472.3547pt>
File: class_config_1_1_app-eps-converted-to.pdf Graphic file (type pdf)
<use class_config_1_1_app-eps-converted-to.pdf>
Package pdftex.def Info: class_config_1_1_app-eps-converted-to.pdf  used on inp
ut line 6.
(pdftex.def)             Requested size: 60.4598pt x 56.9055pt.

[13]) (./class_config_1_1_autoload.tex
Package epstopdf Info: Source file: <class_config_1_1_autoload.eps>
(epstopdf)                    date: 2022-01-30 05:08:39
(epstopdf)                    size: 3786 bytes
(epstopdf)             Output file: <class_config_1_1_autoload-eps-converted-to
.pdf>
(epstopdf)                    date: 2022-01-30 07:43:26
(epstopdf)                    size: 4887 bytes
(epstopdf)             Command: <repstopdf --outfile=class_config_1_1_autoload-
eps-converted-to.pdf class_config_1_1_autoload.eps>
(epstopdf)             \includegraphics on input line 6.
Package epstopdf Info: Output file is already uptodate.
 <./class_config_1_1_autoload-eps-converted-to.pdf>
<class_config_1_1_autoload-eps-converted-to.pdf, id=878, 501.875pt x 375.23184p
t>
File: class_config_1_1_autoload-eps-converted-to.pdf Graphic file (type pdf)
<use class_config_1_1_autoload-eps-converted-to.pdf>
Package pdftex.def Info: class_config_1_1_autoload-eps-converted-to.pdf  used o
n input line 6.
(pdftex.def)             Requested size: 76.10506pt x 56.9055pt.
 [14]

Package hyperref Warning: Token not allowed in a PDF string (Unicode):
(hyperref)                removing `math shift' on input line 33.

) (./class_app_1_1_controllers_1_1_base_controller.tex
Package epstopdf Info: Source file: <class_app_1_1_controllers_1_1_base_control
ler.eps>
(epstopdf)                    date: 2022-01-30 05:08:39
(epstopdf)                    size: 3998 bytes
(epstopdf)             Output file: <class_app_1_1_controllers_1_1_base_control
ler-eps-converted-to.pdf>
(epstopdf)                    date: 2022-01-30 07:43:27
(epstopdf)                    size: 5361 bytes
(epstopdf)             Command: <repstopdf --outfile=class_app_1_1_controllers_
1_1_base_controller-eps-converted-to.pdf class_app_1_1_controllers_1_1_base_con
troller.eps>
(epstopdf)             \includegraphics on input line 6.
Package epstopdf Info: Output file is already uptodate.
 <./class_app_1_1_controllers_1_1_base_controller-eps-converted-to.pdf>
<class_app_1_1_controllers_1_1_base_controller-eps-converted-to.pdf, id=922, 50
1.875pt x 289.54172pt>
File: class_app_1_1_controllers_1_1_base_controller-eps-converted-to.pdf Graphi
c file (type pdf)
<use class_app_1_1_controllers_1_1_base_controller-eps-converted-to.pdf>
Package pdftex.def Info: class_app_1_1_controllers_1_1_base_controller-eps-conv
erted-to.pdf  used on input line 6.
(pdftex.def)             Requested size: 147.95229pt x 85.35826pt.
 [15])
(./class_config_1_1_cache.tex
Package epstopdf Info: Source file: <class_config_1_1_cache.eps>
(epstopdf)                    date: 2022-01-30 05:08:39
(epstopdf)                    size: 3772 bytes
(epstopdf)             Output file: <class_config_1_1_cache-eps-converted-to.pd
f>
(epstopdf)                    date: 2022-01-30 07:43:27
(epstopdf)                    size: 5022 bytes
(epstopdf)             Command: <repstopdf --outfile=class_config_1_1_cache-eps
-converted-to.pdf class_config_1_1_cache.eps>
(epstopdf)             \includegraphics on input line 6.
Package epstopdf Info: Output file is already uptodate.
 <./class_config_1_1_cache-eps-converted-to.pdf>
<class_config_1_1_cache-eps-converted-to.pdf, id=945, 501.875pt x 472.3547pt>
File: class_config_1_1_cache-eps-converted-to.pdf Graphic file (type pdf)
<use class_config_1_1_cache-eps-converted-to.pdf>
Package pdftex.def Info: class_config_1_1_cache-eps-converted-to.pdf  used on i
nput line 6.
(pdftex.def)             Requested size: 60.4598pt x 56.9055pt.


Package hyperref Warning: Token not allowed in a PDF string (Unicode):
(hyperref)                removing `math shift' on input line 47.

[16]

Package hyperref Warning: Token not allowed in a PDF string (Unicode):
(hyperref)                removing `math shift' on input line 61.


Package hyperref Warning: Token not allowed in a PDF string (Unicode):
(hyperref)                removing `math shift' on input line 77.


Package hyperref Warning: Token not allowed in a PDF string (Unicode):
(hyperref)                removing `math shift' on input line 94.

) (./class_config_1_1_content_security_policy.tex
Package epstopdf Info: Source file: <class_config_1_1_content_security_policy.e
ps>
(epstopdf)                    date: 2022-01-30 05:08:39
(epstopdf)                    size: 3804 bytes
(epstopdf)             Output file: <class_config_1_1_content_security_policy-e
ps-converted-to.pdf>
(epstopdf)                    date: 2022-01-30 07:43:28
(epstopdf)                    size: 5657 bytes
(epstopdf)             Command: <repstopdf --outfile=class_config_1_1_content_s
ecurity_policy-eps-converted-to.pdf class_config_1_1_content_security_policy.ep
s>
(epstopdf)             \includegraphics on input line 6.
Package epstopdf Info: Output file is already uptodate.
 <./class_config_1_1_content_security_policy-eps-converted-to.pdf>
<class_config_1_1_content_security_policy-eps-converted-to.pdf, id=977, 501.875
pt x 276.89445pt>
File: class_config_1_1_content_security_policy-eps-converted-to.pdf Graphic fil
e (type pdf)
<use class_config_1_1_content_security_policy-eps-converted-to.pdf>
Package pdftex.def Info: class_config_1_1_content_security_policy-eps-converted
-to.pdf  used on input line 6.
(pdftex.def)             Requested size: 103.13774pt x 56.9055pt.
 [17]
Underfull \hbox (badness 10000) detected at line 76
[][][]
 []

) (./class_config_1_1_cookie.tex
Package epstopdf Info: Source file: <class_config_1_1_cookie.eps>
(epstopdf)                    date: 2022-01-30 05:08:39
(epstopdf)                    size: 3774 bytes
(epstopdf)             Output file: <class_config_1_1_cookie-eps-converted-to.p
df>
(epstopdf)                    date: 2022-01-30 07:43:28
(epstopdf)                    size: 4954 bytes
(epstopdf)             Command: <repstopdf --outfile=class_config_1_1_cookie-ep
s-converted-to.pdf class_config_1_1_cookie.eps>
(epstopdf)             \includegraphics on input line 6.
Package epstopdf Info: Output file is already uptodate.
 <./class_config_1_1_cookie-eps-converted-to.pdf>
<class_config_1_1_cookie-eps-converted-to.pdf, id=994, 501.875pt x 472.3547pt>
File: class_config_1_1_cookie-eps-converted-to.pdf Graphic file (type pdf)
<use class_config_1_1_cookie-eps-converted-to.pdf>
Package pdftex.def Info: class_config_1_1_cookie-eps-converted-to.pdf  used on 
input line 6.
(pdftex.def)             Requested size: 60.4598pt x 56.9055pt.
) (./class_config_1_1_c_u_r_l_request.tex
Package epstopdf Info: Source file: <class_config_1_1_c_u_r_l_request.eps>
(epstopdf)                    date: 2022-01-30 05:08:39
(epstopdf)                    size: 3784 bytes
(epstopdf)             Output file: <class_config_1_1_c_u_r_l_request-eps-conve
rted-to.pdf>
(epstopdf)                    date: 2022-01-30 07:43:29
(epstopdf)                    size: 5435 bytes
(epstopdf)             Command: <repstopdf --outfile=class_config_1_1_c_u_r_l_r
equest-eps-converted-to.pdf class_config_1_1_c_u_r_l_request.eps>
(epstopdf)             \includegraphics on input line 6.
Package epstopdf Info: Output file is already uptodate.
 <./class_config_1_1_c_u_r_l_request-eps-converted-to.pdf>
<class_config_1_1_c_u_r_l_request-eps-converted-to.pdf, id=999, 501.875pt x 418
.23253pt>
File: class_config_1_1_c_u_r_l_request-eps-converted-to.pdf Graphic file (type 
pdf)
<use class_config_1_1_c_u_r_l_request-eps-converted-to.pdf>
Package pdftex.def Info: class_config_1_1_c_u_r_l_request-eps-converted-to.pdf 
 used on input line 6.
(pdftex.def)             Requested size: 68.2786pt x 56.9055pt.
 [18]) (./class_config_1_1_database.tex
Package epstopdf Info: Source file: <class_config_1_1_database.eps>
(epstopdf)                    date: 2022-01-30 05:08:39
(epstopdf)                    size: 3770 bytes
(epstopdf)             Output file: <class_config_1_1_database-eps-converted-to
.pdf>
(epstopdf)                    date: 2022-01-30 07:43:29
(epstopdf)                    size: 4962 bytes
(epstopdf)             Command: <repstopdf --outfile=class_config_1_1_database-
eps-converted-to.pdf class_config_1_1_database.eps>
(epstopdf)             \includegraphics on input line 6.
Package epstopdf Info: Output file is already uptodate.
 <./class_config_1_1_database-eps-converted-to.pdf>
<class_config_1_1_database-eps-converted-to.pdf, id=1034, 501.875pt x 550.00482
pt>
File: class_config_1_1_database-eps-converted-to.pdf Graphic file (type pdf)
<use class_config_1_1_database-eps-converted-to.pdf>
Package pdftex.def Info: class_config_1_1_database-eps-converted-to.pdf  used o
n input line 6.
(pdftex.def)             Requested size: 51.92114pt x 56.9055pt.


Package hyperref Warning: Token not allowed in a PDF string (Unicode):
(hyperref)                removing `math shift' on input line 31.

[19]

Package hyperref Warning: Token not allowed in a PDF string (Unicode):
(hyperref)                removing `math shift' on input line 60.

) (./class_config_1_1_doc_types.tex

Package hyperref Warning: Token not allowed in a PDF string (Unicode):
(hyperref)                removing `math shift' on input line 14.

[20]) (./class_config_1_1_email.tex
Package epstopdf Info: Source file: <class_config_1_1_email.eps>
(epstopdf)                    date: 2022-01-30 05:08:39
(epstopdf)                    size: 3772 bytes
(epstopdf)             Output file: <class_config_1_1_email-eps-converted-to.pd
f>
(epstopdf)                    date: 2022-01-30 07:43:30
(epstopdf)                    size: 5152 bytes
(epstopdf)             Command: <repstopdf --outfile=class_config_1_1_email-eps
-converted-to.pdf class_config_1_1_email.eps>
(epstopdf)             \includegraphics on input line 6.
Package epstopdf Info: Output file is already uptodate.
 <./class_config_1_1_email-eps-converted-to.pdf>
<class_config_1_1_email-eps-converted-to.pdf, id=1064, 501.875pt x 472.3547pt>
File: class_config_1_1_email-eps-converted-to.pdf Graphic file (type pdf)
<use class_config_1_1_email-eps-converted-to.pdf>
Package pdftex.def Info: class_config_1_1_email-eps-converted-to.pdf  used on i
nput line 6.
(pdftex.def)             Requested size: 60.4598pt x 56.9055pt.
) (./class_config_1_1_encryption.tex
Package epstopdf Info: Source file: <class_config_1_1_encryption.eps>
(epstopdf)                    date: 2022-01-30 05:08:39
(epstopdf)                    size: 3782 bytes
(epstopdf)             Output file: <class_config_1_1_encryption-eps-converted-
to.pdf>
(epstopdf)                    date: 2022-01-30 07:43:31
(epstopdf)                    size: 5454 bytes
(epstopdf)             Command: <repstopdf --outfile=class_config_1_1_encryptio
n-eps-converted-to.pdf class_config_1_1_encryption.eps>
(epstopdf)             \includegraphics on input line 6.
Package epstopdf Info: Output file is already uptodate.
 <./class_config_1_1_encryption-eps-converted-to.pdf>
<class_config_1_1_encryption-eps-converted-to.pdf, id=1069, 501.875pt x 472.354
7pt>
File: class_config_1_1_encryption-eps-converted-to.pdf Graphic file (type pdf)
<use class_config_1_1_encryption-eps-converted-to.pdf>
Package pdftex.def Info: class_config_1_1_encryption-eps-converted-to.pdf  used
 on input line 6.
(pdftex.def)             Requested size: 60.4598pt x 56.9055pt.
 [21]) (./class_config_1_1_exceptions.tex
Package epstopdf Info: Source file: <class_config_1_1_exceptions.eps>
(epstopdf)                    date: 2022-01-30 05:08:39
(epstopdf)                    size: 3782 bytes
(epstopdf)             Output file: <class_config_1_1_exceptions-eps-converted-
to.pdf>
(epstopdf)                    date: 2022-01-30 07:43:31
(epstopdf)                    size: 5377 bytes
(epstopdf)             Command: <repstopdf --outfile=class_config_1_1_exception
s-eps-converted-to.pdf class_config_1_1_exceptions.eps>
(epstopdf)             \includegraphics on input line 6.
Package epstopdf Info: Output file is already uptodate.
 <./class_config_1_1_exceptions-eps-converted-to.pdf>
<class_config_1_1_exceptions-eps-converted-to.pdf, id=1106, 501.875pt x 472.354
7pt>
File: class_config_1_1_exceptions-eps-converted-to.pdf Graphic file (type pdf)
<use class_config_1_1_exceptions-eps-converted-to.pdf>
Package pdftex.def Info: class_config_1_1_exceptions-eps-converted-to.pdf  used
 on input line 6.
(pdftex.def)             Requested size: 60.4598pt x 56.9055pt.
) (./class_config_1_1_feature.tex
Package epstopdf Info: Source file: <class_config_1_1_feature.eps>
(epstopdf)                    date: 2022-01-30 05:08:39
(epstopdf)                    size: 3776 bytes
(epstopdf)             Output file: <class_config_1_1_feature-eps-converted-to.
pdf>
(epstopdf)                    date: 2022-01-30 07:43:32
(epstopdf)                    size: 5192 bytes
(epstopdf)             Command: <repstopdf --outfile=class_config_1_1_feature-e
ps-converted-to.pdf class_config_1_1_feature.eps>
(epstopdf)             \includegraphics on input line 6.
Package epstopdf Info: Output file is already uptodate.
 <./class_config_1_1_feature-eps-converted-to.pdf>
<class_config_1_1_feature-eps-converted-to.pdf, id=1111, 501.875pt x 472.3547pt
>
File: class_config_1_1_feature-eps-converted-to.pdf Graphic file (type pdf)
<use class_config_1_1_feature-eps-converted-to.pdf>
Package pdftex.def Info: class_config_1_1_feature-eps-converted-to.pdf  used on
 input line 6.
(pdftex.def)             Requested size: 60.4598pt x 56.9055pt.
 [22]) (./class_config_1_1_filters.tex
Package epstopdf Info: Source file: <class_config_1_1_filters.eps>
(epstopdf)                    date: 2022-01-30 05:08:39
(epstopdf)                    size: 3776 bytes
(epstopdf)             Output file: <class_config_1_1_filters-eps-converted-to.
pdf>
(epstopdf)                    date: 2022-01-30 07:43:32
(epstopdf)                    size: 5150 bytes
(epstopdf)             Command: <repstopdf --outfile=class_config_1_1_filters-e
ps-converted-to.pdf class_config_1_1_filters.eps>
(epstopdf)             \includegraphics on input line 6.
Package epstopdf Info: Output file is already uptodate.
 <./class_config_1_1_filters-eps-converted-to.pdf>
<class_config_1_1_filters-eps-converted-to.pdf, id=1132, 501.875pt x 472.3547pt
>
File: class_config_1_1_filters-eps-converted-to.pdf Graphic file (type pdf)
<use class_config_1_1_filters-eps-converted-to.pdf>
Package pdftex.def Info: class_config_1_1_filters-eps-converted-to.pdf  used on
 input line 6.
(pdftex.def)             Requested size: 60.4598pt x 56.9055pt.


Package hyperref Warning: Token not allowed in a PDF string (Unicode):
(hyperref)                removing `math shift' on input line 28.


Package hyperref Warning: Token not allowed in a PDF string (Unicode):
(hyperref)                removing `math shift' on input line 45.

[23]) (./class_config_1_1_foreign_characters.tex
Package epstopdf Info: Source file: <class_config_1_1_foreign_characters.eps>
(epstopdf)                    date: 2022-01-30 05:08:39
(epstopdf)                    size: 3818 bytes
(epstopdf)             Output file: <class_config_1_1_foreign_characters-eps-co
nverted-to.pdf>
(epstopdf)                    date: 2022-01-30 07:43:33
(epstopdf)                    size: 5201 bytes
(epstopdf)             Command: <repstopdf --outfile=class_config_1_1_foreign_c
haracters-eps-converted-to.pdf class_config_1_1_foreign_characters.eps>
(epstopdf)             \includegraphics on input line 6.
Package epstopdf Info: Output file is already uptodate.
 <./class_config_1_1_foreign_characters-eps-converted-to.pdf>
<class_config_1_1_foreign_characters-eps-converted-to.pdf, id=1152, 501.875pt x
 259.02773pt>
File: class_config_1_1_foreign_characters-eps-converted-to.pdf Graphic file (ty
pe pdf)
<use class_config_1_1_foreign_characters-eps-converted-to.pdf>
Package pdftex.def Info: class_config_1_1_foreign_characters-eps-converted-to.p
df  used on input line 6.
(pdftex.def)             Requested size: 110.25201pt x 56.9055pt.
) (./class_config_1_1_format.tex
Package epstopdf Info: Source file: <class_config_1_1_format.eps>
(epstopdf)                    date: 2022-01-30 05:08:39
(epstopdf)                    size: 3774 bytes
(epstopdf)             Output file: <class_config_1_1_format-eps-converted-to.p
df>
(epstopdf)                    date: 2022-01-30 07:43:33
(epstopdf)                    size: 5250 bytes
(epstopdf)             Command: <repstopdf --outfile=class_config_1_1_format-ep
s-converted-to.pdf class_config_1_1_format.eps>
(epstopdf)             \includegraphics on input line 6.
Package epstopdf Info: Output file is already uptodate.
 <./class_config_1_1_format-eps-converted-to.pdf>
<class_config_1_1_format-eps-converted-to.pdf, id=1157, 501.875pt x 472.3547pt>

File: class_config_1_1_format-eps-converted-to.pdf Graphic file (type pdf)
<use class_config_1_1_format-eps-converted-to.pdf>
Package pdftex.def Info: class_config_1_1_format-eps-converted-to.pdf  used on 
input line 6.
(pdftex.def)             Requested size: 60.4598pt x 56.9055pt.

Underfull \hbox (badness 10000) detected at line 34
[][][]
 []

[24]

Package hyperref Warning: Token not allowed in a PDF string (Unicode):
(hyperref)                removing `math shift' on input line 45.


Package hyperref Warning: Token not allowed in a PDF string (Unicode):
(hyperref)                removing `math shift' on input line 60.


Package hyperref Warning: Token not allowed in a PDF string (Unicode):
(hyperref)                removing `math shift' on input line 75.

) (./class_config_1_1_generators.tex
Package epstopdf Info: Source file: <class_config_1_1_generators.eps>
(epstopdf)                    date: 2022-01-30 05:08:39
(epstopdf)                    size: 3782 bytes
(epstopdf)             Output file: <class_config_1_1_generators-eps-converted-
to.pdf>
(epstopdf)                    date: 2022-01-30 07:43:34
(epstopdf)                    size: 5126 bytes
(epstopdf)             Command: <repstopdf --outfile=class_config_1_1_generator
s-eps-converted-to.pdf class_config_1_1_generators.eps>
(epstopdf)             \includegraphics on input line 6.
Package epstopdf Info: Output file is already uptodate.
 <./class_config_1_1_generators-eps-converted-to.pdf>
<class_config_1_1_generators-eps-converted-to.pdf, id=1180, 501.875pt x 472.354
7pt>
File: class_config_1_1_generators-eps-converted-to.pdf Graphic file (type pdf)
<use class_config_1_1_generators-eps-converted-to.pdf>
Package pdftex.def Info: class_config_1_1_generators-eps-converted-to.pdf  used
 on input line 6.
(pdftex.def)             Requested size: 60.4598pt x 56.9055pt.


Package hyperref Warning: Token not allowed in a PDF string (Unicode):
(hyperref)                removing `math shift' on input line 20.

[25]) (./class_app_1_1_controllers_1_1_home.tex
Package epstopdf Info: Source file: <class_app_1_1_controllers_1_1_home.eps>
(epstopdf)                    date: 2022-01-30 05:08:39
(epstopdf)                    size: 3889 bytes
(epstopdf)             Output file: <class_app_1_1_controllers_1_1_home-eps-con
verted-to.pdf>
(epstopdf)                    date: 2022-01-30 07:43:35
(epstopdf)                    size: 5020 bytes
(epstopdf)             Command: <repstopdf --outfile=class_app_1_1_controllers_
1_1_home-eps-converted-to.pdf class_app_1_1_controllers_1_1_home.eps>
(epstopdf)             \includegraphics on input line 6.
Package epstopdf Info: Output file is already uptodate.
 <./class_app_1_1_controllers_1_1_home-eps-converted-to.pdf>
<class_app_1_1_controllers_1_1_home-eps-converted-to.pdf, id=1196, 501.875pt x 
579.08344pt>
File: class_app_1_1_controllers_1_1_home-eps-converted-to.pdf Graphic file (typ
e pdf)
<use class_app_1_1_controllers_1_1_home-eps-converted-to.pdf>
Package pdftex.def Info: class_app_1_1_controllers_1_1_home-eps-converted-to.pd
f  used on input line 6.
(pdftex.def)             Requested size: 73.97614pt x 85.35826pt.

Underfull \hbox (badness 10000) detected at line 26
[][][]
 []

) (./class_config_1_1_honeypot.tex
Package epstopdf Info: Source file: <class_config_1_1_honeypot.eps>
(epstopdf)                    date: 2022-01-30 05:08:39
(epstopdf)                    size: 3778 bytes
(epstopdf)             Output file: <class_config_1_1_honeypot-eps-converted-to
.pdf>
(epstopdf)                    date: 2022-01-30 07:43:35
(epstopdf)                    size: 5249 bytes
(epstopdf)             Command: <repstopdf --outfile=class_config_1_1_honeypot-
eps-converted-to.pdf class_config_1_1_honeypot.eps>
(epstopdf)             \includegraphics on input line 6.
Package epstopdf Info: Output file is already uptodate.
 <./class_config_1_1_honeypot-eps-converted-to.pdf>
<class_config_1_1_honeypot-eps-converted-to.pdf, id=1202, 501.875pt x 472.3547p
t>
File: class_config_1_1_honeypot-eps-converted-to.pdf Graphic file (type pdf)
<use class_config_1_1_honeypot-eps-converted-to.pdf>
Package pdftex.def Info: class_config_1_1_honeypot-eps-converted-to.pdf  used o
n input line 6.
(pdftex.def)             Requested size: 60.4598pt x 56.9055pt.
 [26]) (./class_config_1_1_images.tex
Package epstopdf Info: Source file: <class_config_1_1_images.eps>
(epstopdf)                    date: 2022-01-30 05:08:39
(epstopdf)                    size: 3774 bytes
(epstopdf)             Output file: <class_config_1_1_images-eps-converted-to.p
df>
(epstopdf)                    date: 2022-01-30 07:43:36
(epstopdf)                    size: 5034 bytes
(epstopdf)             Command: <repstopdf --outfile=class_config_1_1_images-ep
s-converted-to.pdf class_config_1_1_images.eps>
(epstopdf)             \includegraphics on input line 6.
Package epstopdf Info: Output file is already uptodate.
 <./class_config_1_1_images-eps-converted-to.pdf>
<class_config_1_1_images-eps-converted-to.pdf, id=1216, 501.875pt x 472.3547pt>

File: class_config_1_1_images-eps-converted-to.pdf Graphic file (type pdf)
<use class_config_1_1_images-eps-converted-to.pdf>
Package pdftex.def Info: class_config_1_1_images-eps-converted-to.pdf  used on 
input line 6.
(pdftex.def)             Requested size: 60.4598pt x 56.9055pt.


Package hyperref Warning: Token not allowed in a PDF string (Unicode):
(hyperref)                removing `math shift' on input line 26.

) (./class_config_1_1_kint.tex
Package epstopdf Info: Source file: <class_config_1_1_kint.eps>
(epstopdf)                    date: 2022-01-30 05:08:39
(epstopdf)                    size: 3770 bytes
(epstopdf)             Output file: <class_config_1_1_kint-eps-converted-to.pdf
>
(epstopdf)                    date: 2022-01-30 07:43:36
(epstopdf)                    size: 5030 bytes
(epstopdf)             Command: <repstopdf --outfile=class_config_1_1_kint-eps-
converted-to.pdf class_config_1_1_kint.eps>
(epstopdf)             \includegraphics on input line 6.
Package epstopdf Info: Output file is already uptodate.
 <./class_config_1_1_kint-eps-converted-to.pdf>
<class_config_1_1_kint-eps-converted-to.pdf, id=1222, 501.875pt x 472.3547pt>
File: class_config_1_1_kint-eps-converted-to.pdf Graphic file (type pdf)
<use class_config_1_1_kint-eps-converted-to.pdf>
Package pdftex.def Info: class_config_1_1_kint-eps-converted-to.pdf  used on in
put line 6.
(pdftex.def)             Requested size: 60.4598pt x 56.9055pt.

[27]
Underfull \hbox (badness 10000) detected at line 58
[][][]
 []

) (./class_config_1_1_logger.tex
Package epstopdf Info: Source file: <class_config_1_1_logger.eps>
(epstopdf)                    date: 2022-01-30 05:08:39
(epstopdf)                    size: 3774 bytes
(epstopdf)             Output file: <class_config_1_1_logger-eps-converted-to.p
df>
(epstopdf)                    date: 2022-01-30 07:43:37
(epstopdf)                    size: 4989 bytes
(epstopdf)             Command: <repstopdf --outfile=class_config_1_1_logger-ep
s-converted-to.pdf class_config_1_1_logger.eps>
(epstopdf)             \includegraphics on input line 6.
Package epstopdf Info: Output file is already uptodate.
 <./class_config_1_1_logger-eps-converted-to.pdf>
<class_config_1_1_logger-eps-converted-to.pdf, id=1247, 501.875pt x 472.3547pt>

File: class_config_1_1_logger-eps-converted-to.pdf Graphic file (type pdf)
<use class_config_1_1_logger-eps-converted-to.pdf>
Package pdftex.def Info: class_config_1_1_logger-eps-converted-to.pdf  used on 
input line 6.
(pdftex.def)             Requested size: 60.4598pt x 56.9055pt.
) (./class_config_1_1_migrations.tex
Package epstopdf Info: Source file: <class_config_1_1_migrations.eps>
(epstopdf)                    date: 2022-01-30 05:08:39
(epstopdf)                    size: 3782 bytes
(epstopdf)             Output file: <class_config_1_1_migrations-eps-converted-
to.pdf>
(epstopdf)                    date: 2022-01-30 07:43:37
(epstopdf)                    size: 5102 bytes
(epstopdf)             Command: <repstopdf --outfile=class_config_1_1_migration
s-eps-converted-to.pdf class_config_1_1_migrations.eps>
(epstopdf)             \includegraphics on input line 6.
Package epstopdf Info: Output file is already uptodate.
 <./class_config_1_1_migrations-eps-converted-to.pdf>
<class_config_1_1_migrations-eps-converted-to.pdf, id=1252, 501.875pt x 472.354
7pt>
File: class_config_1_1_migrations-eps-converted-to.pdf Graphic file (type pdf)
<use class_config_1_1_migrations-eps-converted-to.pdf>
Package pdftex.def Info: class_config_1_1_migrations-eps-converted-to.pdf  used
 on input line 6.
(pdftex.def)             Requested size: 60.4598pt x 56.9055pt.
 [28]) (./class_config_1_1_mimes.tex

Package textcomp Warning: Symbol \textasciiacute not provided by
(textcomp)                font family phv in TS1 encoding.
(textcomp)                Default family used instead on input line 25.

LaTeX Font Info:    Trying to load font information for T1+cmss on input line 2
5.
(/usr/local/texlive/2021/texmf-dist/tex/latex/base/t1cmss.fd
File: t1cmss.fd 2019/12/16 v2.5j Standard LaTeX font definitions
)
LaTeX Font Info:    Trying to load font information for TS1+cmss on input line 
25.

(/usr/local/texlive/2021/texmf-dist/tex/latex/base/ts1cmss.fd
File: ts1cmss.fd 2019/12/16 v2.5j Standard LaTeX font definitions
)

Package textcomp Warning: Symbol \textasciiacute not provided by
(textcomp)                font family phv in TS1 encoding.
(textcomp)                Default family used instead on input line 25.

LaTeX Font Info:    Font shape `T1/pcr/m/it' in size <7> not available
(Font)              Font shape `T1/pcr/m/sl' tried instead on input line 32.

Underfull \hbox (badness 10000) detected at line 41
[][][]
 []

[29]
Underfull \hbox (badness 10000) detected at line 52
[][][]
 []

) (./class_config_1_1_modules.tex
Package epstopdf Info: Source file: <class_config_1_1_modules.eps>
(epstopdf)                    date: 2022-01-30 05:08:39
(epstopdf)                    size: 3778 bytes
(epstopdf)             Output file: <class_config_1_1_modules-eps-converted-to.
pdf>
(epstopdf)                    date: 2022-01-30 07:43:38
(epstopdf)                    size: 4590 bytes
(epstopdf)             Command: <repstopdf --outfile=class_config_1_1_modules-e
ps-converted-to.pdf class_config_1_1_modules.eps>
(epstopdf)             \includegraphics on input line 6.
Package epstopdf Info: Output file is already uptodate.
 <./class_config_1_1_modules-eps-converted-to.pdf>
<class_config_1_1_modules-eps-converted-to.pdf, id=1301, 501.875pt x 418.23253p
t>
File: class_config_1_1_modules-eps-converted-to.pdf Graphic file (type pdf)
<use class_config_1_1_modules-eps-converted-to.pdf>
Package pdftex.def Info: class_config_1_1_modules-eps-converted-to.pdf  used on
 input line 6.
(pdftex.def)             Requested size: 68.2786pt x 56.9055pt.


Package hyperref Warning: Token not allowed in a PDF string (Unicode):
(hyperref)                removing `math shift' on input line 26.

) (./class_config_1_1_pager.tex
Package epstopdf Info: Source file: <class_config_1_1_pager.eps>
(epstopdf)                    date: 2022-01-30 05:08:39
(epstopdf)                    size: 3772 bytes
(epstopdf)             Output file: <class_config_1_1_pager-eps-converted-to.pd
f>
(epstopdf)                    date: 2022-01-30 07:43:38
(epstopdf)                    size: 5020 bytes
(epstopdf)             Command: <repstopdf --outfile=class_config_1_1_pager-eps
-converted-to.pdf class_config_1_1_pager.eps>
(epstopdf)             \includegraphics on input line 6.
Package epstopdf Info: Output file is already uptodate.
 <./class_config_1_1_pager-eps-converted-to.pdf>
<class_config_1_1_pager-eps-converted-to.pdf, id=1307, 501.875pt x 472.3547pt>
File: class_config_1_1_pager-eps-converted-to.pdf Graphic file (type pdf)
<use class_config_1_1_pager-eps-converted-to.pdf>
Package pdftex.def Info: class_config_1_1_pager-eps-converted-to.pdf  used on i
nput line 6.
(pdftex.def)             Requested size: 60.4598pt x 56.9055pt.

Package hyperref Warning: Token not allowed in a PDF string (Unicode):
(hyperref)                removing `math shift' on input line 23.

[30]) (./class_config_1_1_paths.tex) (./class_config_1_1_publisher.tex
Package epstopdf Info: Source file: <class_config_1_1_publisher.eps>
(epstopdf)                    date: 2022-01-30 05:08:39
(epstopdf)                    size: 3786 bytes
(epstopdf)             Output file: <class_config_1_1_publisher-eps-converted-t
o.pdf>
(epstopdf)                    date: 2022-01-30 07:43:39
(epstopdf)                    size: 4798 bytes
(epstopdf)             Command: <repstopdf --outfile=class_config_1_1_publisher
-eps-converted-to.pdf class_config_1_1_publisher.eps>
(epstopdf)             \includegraphics on input line 6.
Package epstopdf Info: Output file is already uptodate.
 <./class_config_1_1_publisher-eps-converted-to.pdf>
<class_config_1_1_publisher-eps-converted-to.pdf, id=1327, 501.875pt x 397.5251
6pt>
File: class_config_1_1_publisher-eps-converted-to.pdf Graphic file (type pdf)
<use class_config_1_1_publisher-eps-converted-to.pdf>
Package pdftex.def Info: class_config_1_1_publisher-eps-converted-to.pdf  used 
on input line 6.
(pdftex.def)             Requested size: 71.83955pt x 56.9055pt.


Package hyperref Warning: Token not allowed in a PDF string (Unicode):
(hyperref)                removing `math shift' on input line 25.

[31]) (./class_config_1_1_security.tex
Package epstopdf Info: Source file: <class_config_1_1_security.eps>
(epstopdf)                    date: 2022-01-30 05:08:39
(epstopdf)                    size: 3778 bytes
(epstopdf)             Output file: <class_config_1_1_security-eps-converted-to
.pdf>
(epstopdf)                    date: 2022-01-30 07:43:40
(epstopdf)                    size: 5474 bytes
(epstopdf)             Command: <repstopdf --outfile=class_config_1_1_security-
eps-converted-to.pdf class_config_1_1_security.eps>
(epstopdf)             \includegraphics on input line 6.
Package epstopdf Info: Output file is already uptodate.
 <./class_config_1_1_security-eps-converted-to.pdf>
<class_config_1_1_security-eps-converted-to.pdf, id=1349, 501.875pt x 472.3547p
t>
File: class_config_1_1_security-eps-converted-to.pdf Graphic file (type pdf)
<use class_config_1_1_security-eps-converted-to.pdf>
Package pdftex.def Info: class_config_1_1_security-eps-converted-to.pdf  used o
n input line 6.
(pdftex.def)             Requested size: 60.4598pt x 56.9055pt.
) (./class_config_1_1_services.tex
Package epstopdf Info: Source file: <class_config_1_1_services.eps>
(epstopdf)                    date: 2022-01-30 05:08:39
(epstopdf)                    size: 3780 bytes
(epstopdf)             Output file: <class_config_1_1_services-eps-converted-to
.pdf>
(epstopdf)                    date: 2022-01-30 07:43:40
(epstopdf)                    size: 4661 bytes
(epstopdf)             Command: <repstopdf --outfile=class_config_1_1_services-
eps-converted-to.pdf class_config_1_1_services.eps>
(epstopdf)             \includegraphics on input line 6.
Package epstopdf Info: Output file is already uptodate.
 <./class_config_1_1_services-eps-converted-to.pdf>
<class_config_1_1_services-eps-converted-to.pdf, id=1354, 501.875pt x 436.41043
pt>
File: class_config_1_1_services-eps-converted-to.pdf Graphic file (type pdf)
<use class_config_1_1_services-eps-converted-to.pdf>
Package pdftex.def Info: class_config_1_1_services-eps-converted-to.pdf  used o
n input line 6.
(pdftex.def)             Requested size: 65.43748pt x 56.9055pt.
) (./class_config_1_1_toolbar.tex
Package epstopdf Info: Source file: <class_config_1_1_toolbar.eps>
(epstopdf)                    date: 2022-01-30 05:08:39
(epstopdf)                    size: 3776 bytes
(epstopdf)             Output file: <class_config_1_1_toolbar-eps-converted-to.
pdf>
(epstopdf)                    date: 2022-01-30 07:43:41
(epstopdf)                    size: 5146 bytes
(epstopdf)             Command: <repstopdf --outfile=class_config_1_1_toolbar-e
ps-converted-to.pdf class_config_1_1_toolbar.eps>
(epstopdf)             \includegraphics on input line 6.
Package epstopdf Info: Output file is already uptodate.
 <./class_config_1_1_toolbar-eps-converted-to.pdf>
<class_config_1_1_toolbar-eps-converted-to.pdf, id=1362, 501.875pt x 472.3547pt
>
File: class_config_1_1_toolbar-eps-converted-to.pdf Graphic file (type pdf)
<use class_config_1_1_toolbar-eps-converted-to.pdf>
Package pdftex.def Info: class_config_1_1_toolbar-eps-converted-to.pdf  used on
 input line 6.
(pdftex.def)             Requested size: 60.4598pt x 56.9055pt.
 [32]

Package hyperref Warning: Token not allowed in a PDF string (Unicode):
(hyperref)                removing `math shift' on input line 37.

) (./class_config_1_1_user_agents.tex
Package epstopdf Info: Source file: <class_config_1_1_user_agents.eps>
(epstopdf)                    date: 2022-01-30 05:08:39
(epstopdf)                    size: 3782 bytes
(epstopdf)             Output file: <class_config_1_1_user_agents-eps-converted
-to.pdf>
(epstopdf)                    date: 2022-01-30 07:43:41
(epstopdf)                    size: 5204 bytes
(epstopdf)             Command: <repstopdf --outfile=class_config_1_1_user_agen
ts-eps-converted-to.pdf class_config_1_1_user_agents.eps>
(epstopdf)             \includegraphics on input line 6.
Package epstopdf Info: Output file is already uptodate.
 <./class_config_1_1_user_agents-eps-converted-to.pdf>
<class_config_1_1_user_agents-eps-converted-to.pdf, id=1387, 501.875pt x 472.35
47pt>
File: class_config_1_1_user_agents-eps-converted-to.pdf Graphic file (type pdf)

<use class_config_1_1_user_agents-eps-converted-to.pdf>
Package pdftex.def Info: class_config_1_1_user_agents-eps-converted-to.pdf  use
d on input line 6.
(pdftex.def)             Requested size: 60.4598pt x 56.9055pt.
 [33]

Package hyperref Warning: Token not allowed in a PDF string (Unicode):
(hyperref)                removing `math shift' on input line 34.

) (./class_config_1_1_validation.tex

Package hyperref Warning: Token not allowed in a PDF string (Unicode):
(hyperref)                removing `math shift' on input line 16.

[34]

Package hyperref Warning: Token not allowed in a PDF string (Unicode):
(hyperref)                removing `math shift' on input line 32.

) (./class_config_1_1_view.tex
Package epstopdf Info: Source file: <class_config_1_1_view.eps>
(epstopdf)                    date: 2022-01-30 05:08:39
(epstopdf)                    size: 3766 bytes
(epstopdf)             Output file: <class_config_1_1_view-eps-converted-to.pdf
>
(epstopdf)                    date: 2022-01-30 07:43:42
(epstopdf)                    size: 4424 bytes
(epstopdf)             Command: <repstopdf --outfile=class_config_1_1_view-eps-
converted-to.pdf class_config_1_1_view.eps>
(epstopdf)             \includegraphics on input line 6.
Package epstopdf Info: Output file is already uptodate.
 <./class_config_1_1_view-eps-converted-to.pdf>
<class_config_1_1_view-eps-converted-to.pdf, id=1422, 501.875pt x 528.2937pt>
File: class_config_1_1_view-eps-converted-to.pdf Graphic file (type pdf)
<use class_config_1_1_view-eps-converted-to.pdf>
Package pdftex.def Info: class_config_1_1_view-eps-converted-to.pdf  used on in
put line 6.
(pdftex.def)             Requested size: 54.05771pt x 56.9055pt.
)
[35] [36

] (./refman.ind [37


] [38

]) (./refman.aux)
Package rerunfilecheck Info: File `refman.out' has not changed.
(rerunfilecheck)             Checksum: 923F05D1D3B11DE054C5631B84341B05;23044.
 ) 
Here is how much of TeX's memory you used:
 18216 strings out of 478994
 306940 string characters out of 5858184
 617984 words of memory out of 5000000
 34806 multiletter control sequences out of 15000+600000
 453854 words of font info for 81 fonts, out of 8000000 for 9000
 1141 hyphenation exceptions out of 8191
 112i,15n,117p,491b,635s stack positions out of 5000i,500n,10000p,200000b,80000s
{/usr/local/texlive/2021/texmf-dist/fonts/enc/dvips/cm-super/cm-super-ts1.enc
}{/usr/local/texlive/2021/texmf-dist/fonts/enc/dvips/base/8r.enc}</usr/local/te
xlive/2021/texmf-dist/fonts/type1/public/amsfonts/cm/cmmi10.pfb></usr/local/tex
live/2021/texmf-dist/fonts/type1/public/amsfonts/cm/cmmi7.pfb></usr/local/texli
ve/2021/texmf-dist/fonts/type1/public/amsfonts/cm/cmsy10.pfb></usr/local/texliv
e/2021/texmf-dist/fonts/type1/public/amsfonts/cm/cmsy7.pfb></usr/local/texlive/
2021/texmf-dist/fonts/type1/public/cm-super/sfss1000.pfb></usr/local/texlive/20
21/texmf-dist/fonts/type1/urw/courier/ucrr8a.pfb></usr/local/texlive/2021/texmf
-dist/fonts/type1/urw/courier/ucrro8a.pfb></usr/local/texlive/2021/texmf-dist/f
onts/type1/urw/helvetic/uhvb8a.pfb></usr/local/texlive/2021/texmf-dist/fonts/ty
pe1/urw/helvetic/uhvb8ac.pfb></usr/local/texlive/2021/texmf-dist/fonts/type1/ur
w/helvetic/uhvr8a.pfb></usr/local/texlive/2021/texmf-dist/fonts/type1/urw/helve
tic/uhvro8a.pfb>
Output written on refman.pdf (44 pages, 266485 bytes).
PDF statistics:
 1695 PDF objects out of 1728 (max. 8388607)
 1557 compressed objects within 16 object streams
 474 named destinations out of 1000 (max. 500000)
 1113 words of extra memory for PDF output out of 10000 (max. 10000000)

